running egg_info
creating build/senior_project/senior_project.egg-info
writing build/senior_project/senior_project.egg-info/PKG-INFO
writing dependency_links to build/senior_project/senior_project.egg-info/dependency_links.txt
writing entry points to build/senior_project/senior_project.egg-info/entry_points.txt
writing requirements to build/senior_project/senior_project.egg-info/requires.txt
writing top-level names to build/senior_project/senior_project.egg-info/top_level.txt
writing manifest file 'build/senior_project/senior_project.egg-info/SOURCES.txt'
reading manifest file 'build/senior_project/senior_project.egg-info/SOURCES.txt'
writing manifest file 'build/senior_project/senior_project.egg-info/SOURCES.txt'
running build
running build_py
creating /home/sean/ament_ws/src/stretch_ros2/senior_project/build/senior_project/build
creating /home/sean/ament_ws/src/stretch_ros2/senior_project/build/senior_project/build/lib
creating /home/sean/ament_ws/src/stretch_ros2/senior_project/build/senior_project/build/lib/senior_project
copying senior_project/learner_node.py -> /home/sean/ament_ws/src/stretch_ros2/senior_project/build/senior_project/build/lib/senior_project
copying senior_project/__init__.py -> /home/sean/ament_ws/src/stretch_ros2/senior_project/build/senior_project/build/lib/senior_project
running install
running install_lib
creating /home/sean/ament_ws/src/stretch_ros2/senior_project/install/senior_project/lib/python3.10/site-packages/senior_project
copying /home/sean/ament_ws/src/stretch_ros2/senior_project/build/senior_project/build/lib/senior_project/learner_node.py -> /home/sean/ament_ws/src/stretch_ros2/senior_project/install/senior_project/lib/python3.10/site-packages/senior_project
copying /home/sean/ament_ws/src/stretch_ros2/senior_project/build/senior_project/build/lib/senior_project/__init__.py -> /home/sean/ament_ws/src/stretch_ros2/senior_project/install/senior_project/lib/python3.10/site-packages/senior_project
byte-compiling /home/sean/ament_ws/src/stretch_ros2/senior_project/install/senior_project/lib/python3.10/site-packages/senior_project/learner_node.py to learner_node.cpython-310.pyc
byte-compiling /home/sean/ament_ws/src/stretch_ros2/senior_project/install/senior_project/lib/python3.10/site-packages/senior_project/__init__.py to __init__.cpython-310.pyc
running install_data
creating /home/sean/ament_ws/src/stretch_ros2/senior_project/install/senior_project/share/ament_index
creating /home/sean/ament_ws/src/stretch_ros2/senior_project/install/senior_project/share/ament_index/resource_index
creating /home/sean/ament_ws/src/stretch_ros2/senior_project/install/senior_project/share/ament_index/resource_index/packages
copying resource/senior_project -> /home/sean/ament_ws/src/stretch_ros2/senior_project/install/senior_project/share/ament_index/resource_index/packages
copying package.xml -> /home/sean/ament_ws/src/stretch_ros2/senior_project/install/senior_project/share/senior_project
creating /home/sean/ament_ws/src/stretch_ros2/senior_project/install/senior_project/share/senior_project/launch
copying launch/RL.launch.py -> /home/sean/ament_ws/src/stretch_ros2/senior_project/install/senior_project/share/senior_project/launch
copying launch/launch_sim.launch.py -> /home/sean/ament_ws/src/stretch_ros2/senior_project/install/senior_project/share/senior_project/launch
creating /home/sean/ament_ws/src/stretch_ros2/senior_project/install/senior_project/share/senior_project/modules
creating /home/sean/ament_ws/src/stretch_ros2/senior_project/install/senior_project/share/senior_project/scripts
running install_egg_info
Copying build/senior_project/senior_project.egg-info to /home/sean/ament_ws/src/stretch_ros2/senior_project/install/senior_project/lib/python3.10/site-packages/senior_project-0.0.1-py3.10.egg-info
running install_scripts
writing list of installed files to '/home/sean/ament_ws/src/stretch_ros2/senior_project/build/senior_project/install.log'
